05/17/2023-23:36:23.327831  [**] [1:10015:1] HTTPS google.com access [**] [Classification: (null)] [Priority: 3] {TCP} 2001:02d8:ee9c:775c:b700:a912:2938:c8cb:43074 -> 2404:6800:4004:0820:0000:0000:0000:2002:443
05/17/2023-23:36:30.508790  [**] [1:10020:1] HTTPS instagram.com access [**] [Classification: (null)] [Priority: 3] {TCP} 2001:02d8:ee9c:775c:b700:a912:2938:c8cb:45660 -> 0064:ff9b:0000:0000:0000:0000:1f0d:4cae:443
05/17/2023-23:37:47.574143  [**] [1:10015:1] HTTPS google.com access [**] [Classification: (null)] [Priority: 3] {TCP} 2001:02d8:ee9c:775c:b700:a912:2938:c8cb:49668 -> 2404:6800:4004:0826:0000:0000:0000:2004:443
05/17/2023-23:37:51.272979  [**] [1:10015:1] HTTPS google.com access [**] [Classification: (null)] [Priority: 3] {TCP} 2001:02d8:ee9c:775c:b700:a912:2938:c8cb:47202 -> 2404:6800:4004:0824:0000:0000:0000:200e:443
05/17/2023-23:37:51.946363  [**] [1:10015:1] HTTPS google.com access [**] [Classification: (null)] [Priority: 3] {TCP} 2001:02d8:ee9c:775c:b700:a912:2938:c8cb:58206 -> 2404:6800:4004:0827:0000:0000:0000:200e:443
05/17/2023-23:37:55.230077  [**] [1:10015:1] HTTPS google.com access [**] [Classification: (null)] [Priority: 3] {TCP} 2001:02d8:ee9c:775c:b700:a912:2938:c8cb:45116 -> 2404:6800:4004:0827:0000:0000:0000:200d:443
05/17/2023-23:37:55.580795  [**] [1:10015:1] HTTPS google.com access [**] [Classification: (null)] [Priority: 3] {TCP} 2001:02d8:ee9c:775c:b700:a912:2938:c8cb:45120 -> 2404:6800:4004:0827:0000:0000:0000:200d:443
05/17/2023-23:37:56.026142  [**] [1:10015:1] HTTPS google.com access [**] [Classification: (null)] [Priority: 3] {TCP} 2001:02d8:ee9c:775c:b700:a912:2938:c8cb:42778 -> 2404:6800:4004:0820:0000:0000:0000:2002:443
05/17/2023-23:37:57.106261  [**] [1:10019:1] HTTPS facebook.com access [**] [Classification: (null)] [Priority: 3] {TCP} 2001:02d8:ee9c:775c:b700:a912:2938:c8cb:54020 -> 0064:ff9b:0000:0000:0000:0000:1f0d:4c23:443
05/17/2023-23:37:57.897660  [**] [1:10015:1] HTTPS google.com access [**] [Classification: (null)] [Priority: 3] {TCP} 2001:02d8:ee9c:775c:b700:a912:2938:c8cb:34076 -> 2404:6800:4004:0826:0000:0000:0000:2004:443
05/17/2023-23:38:49.957400  [**] [1:10001:1] HTTP test.gilgil.net access [**] [Classification: (null)] [Priority: 3] {TCP} 2001:02d8:ee9c:775c:b700:a912:2938:c8cb:49708 -> 0064:ff9b:0000:0000:0000:0000:af74:6193:80
05/17/2023-23:38:49.957400  [**] [1:10002:1] HTTP gilgil.net access [**] [Classification: (null)] [Priority: 3] {TCP} 2001:02d8:ee9c:775c:b700:a912:2938:c8cb:49708 -> 0064:ff9b:0000:0000:0000:0000:af74:6193:80
05/17/2023-23:38:51.391142  [**] [1:10009:1] HTTPS instagram access [**] [Classification: (null)] [Priority: 3] {TCP} 2001:02d8:ee9c:775c:b700:a912:2938:c8cb:46086 -> 0064:ff9b:0000:0000:0000:0000:1f0d:4cae:443
05/17/2023-23:38:52.931679  [**] [1:10008:1] HTTPS github access [**] [Classification: (null)] [Priority: 3] {TCP} 2001:02d8:ee9c:775c:b700:a912:2938:c8cb:58114 -> 0064:ff9b:0000:0000:0000:0000:14c8:f5f5:443
05/17/2023-23:39:00.127371  [**] [1:10002:1] HTTP gilgil.net access [**] [Classification: (null)] [Priority: 3] {TCP} 2001:02d8:ee9c:775c:b700:a912:2938:c8cb:43554 -> 0064:ff9b:0000:0000:0000:0000:af74:6193:80
05/17/2023-23:39:11.107212  [**] [1:10005:1] HTTPS dcinside.com access [**] [Classification: (null)] [Priority: 3] {TCP} 2001:02d8:ee9c:775c:b700:a912:2938:c8cb:49276 -> 0064:ff9b:0000:0000:0000:0000:797d:3cf4:443
05/17/2023-23:39:11.851225  [**] [1:10005:1] HTTPS dcinside.com access [**] [Classification: (null)] [Priority: 3] {TCP} 2001:02d8:ee9c:775c:b700:a912:2938:c8cb:51068 -> 0064:ff9b:0000:0000:0000:0000:0e00:7075:443
05/17/2023-23:39:11.852058  [**] [1:10005:1] HTTPS dcinside.com access [**] [Classification: (null)] [Priority: 3] {TCP} 2001:02d8:ee9c:775c:b700:a912:2938:c8cb:51052 -> 0064:ff9b:0000:0000:0000:0000:0e00:7075:443
05/17/2023-23:39:11.860046  [**] [1:10005:1] HTTPS dcinside.com access [**] [Classification: (null)] [Priority: 3] {TCP} 2001:02d8:ee9c:775c:b700:a912:2938:c8cb:51078 -> 0064:ff9b:0000:0000:0000:0000:0e00:7075:443
05/17/2023-23:39:11.863653  [**] [1:10005:1] HTTPS dcinside.com access [**] [Classification: (null)] [Priority: 3] {TCP} 2001:02d8:ee9c:775c:b700:a912:2938:c8cb:51098 -> 0064:ff9b:0000:0000:0000:0000:0e00:7075:443
05/17/2023-23:39:11.872094  [**] [1:10005:1] HTTPS dcinside.com access [**] [Classification: (null)] [Priority: 3] {TCP} 2001:02d8:ee9c:775c:b700:a912:2938:c8cb:51094 -> 0064:ff9b:0000:0000:0000:0000:0e00:7075:443
05/17/2023-23:39:11.893966  [**] [1:10005:1] HTTPS dcinside.com access [**] [Classification: (null)] [Priority: 3] {TCP} 2001:02d8:ee9c:775c:b700:a912:2938:c8cb:51096 -> 0064:ff9b:0000:0000:0000:0000:0e00:7075:443
05/17/2023-23:39:11.894547  [**] [1:10005:1] HTTPS dcinside.com access [**] [Classification: (null)] [Priority: 3] {TCP} 2001:02d8:ee9c:775c:b700:a912:2938:c8cb:49282 -> 0064:ff9b:0000:0000:0000:0000:797d:3cf4:443
05/17/2023-23:39:11.910801  [**] [1:10005:1] HTTPS dcinside.com access [**] [Classification: (null)] [Priority: 3] {TCP} 2001:02d8:ee9c:775c:b700:a912:2938:c8cb:44810 -> 0064:ff9b:0000:0000:0000:0000:797d:3cf1:443
05/17/2023-23:39:11.928958  [**] [1:10005:1] HTTPS dcinside.com access [**] [Classification: (null)] [Priority: 3] {TCP} 2001:02d8:ee9c:775c:b700:a912:2938:c8cb:44826 -> 0064:ff9b:0000:0000:0000:0000:797d:3cf1:443
05/17/2023-23:39:11.960651  [**] [1:10005:1] HTTPS dcinside.com access [**] [Classification: (null)] [Priority: 3] {TCP} 2001:02d8:ee9c:775c:b700:a912:2938:c8cb:49294 -> 0064:ff9b:0000:0000:0000:0000:797d:3cf4:443
05/17/2023-23:39:11.993972  [**] [1:10005:1] HTTPS dcinside.com access [**] [Classification: (null)] [Priority: 3] {TCP} 2001:02d8:ee9c:775c:b700:a912:2938:c8cb:57954 -> 0064:ff9b:0000:0000:0000:0000:0e00:71cf:443
05/17/2023-23:39:11.997318  [**] [1:10005:1] HTTPS dcinside.com access [**] [Classification: (null)] [Priority: 3] {TCP} 2001:02d8:ee9c:775c:b700:a912:2938:c8cb:57964 -> 0064:ff9b:0000:0000:0000:0000:0e00:71cf:443
05/17/2023-23:39:12.014698  [**] [1:10005:1] HTTPS dcinside.com access [**] [Classification: (null)] [Priority: 3] {TCP} 2001:02d8:ee9c:775c:b700:a912:2938:c8cb:57966 -> 0064:ff9b:0000:0000:0000:0000:0e00:71cf:443
05/17/2023-23:39:12.025041  [**] [1:10005:1] HTTPS dcinside.com access [**] [Classification: (null)] [Priority: 3] {TCP} 2001:02d8:ee9c:775c:b700:a912:2938:c8cb:39096 -> 0064:ff9b:0000:0000:0000:0000:0322:d696:443
05/17/2023-23:39:12.506373  [**] [1:10005:1] HTTPS dcinside.com access [**] [Classification: (null)] [Priority: 3] {TCP} 2001:02d8:ee9c:775c:b700:a912:2938:c8cb:39266 -> 0064:ff9b:0000:0000:0000:0000:797d:3cf2:443
05/17/2023-23:39:12.694813  [**] [1:10005:1] HTTPS dcinside.com access [**] [Classification: (null)] [Priority: 3] {TCP} 2001:02d8:ee9c:775c:b700:a912:2938:c8cb:57978 -> 0064:ff9b:0000:0000:0000:0000:0e00:71cf:443
05/17/2023-23:39:12.881943  [**] [1:10005:1] HTTPS dcinside.com access [**] [Classification: (null)] [Priority: 3] {TCP} 2001:02d8:ee9c:775c:b700:a912:2938:c8cb:51104 -> 0064:ff9b:0000:0000:0000:0000:0e00:7075:443
05/17/2023-23:39:12.882656  [**] [1:10005:1] HTTPS dcinside.com access [**] [Classification: (null)] [Priority: 3] {TCP} 2001:02d8:ee9c:775c:b700:a912:2938:c8cb:51106 -> 0064:ff9b:0000:0000:0000:0000:0e00:7075:443
05/17/2023-23:39:12.894433  [**] [1:10005:1] HTTPS dcinside.com access [**] [Classification: (null)] [Priority: 3] {TCP} 2001:02d8:ee9c:775c:b700:a912:2938:c8cb:47374 -> 0064:ff9b:0000:0000:0000:0000:797d:4d41:443
05/17/2023-23:39:22.479436  [**] [1:10005:1] HTTPS dcinside.com access [**] [Classification: (null)] [Priority: 3] {TCP} 2001:02d8:ee9c:775c:b700:a912:2938:c8cb:32822 -> 0064:ff9b:0000:0000:0000:0000:797d:3cf1:443
05/17/2023-23:39:24.256714  [**] [1:10012:1] HTTPS google.com access [**] [Classification: (null)] [Priority: 3] {TCP} 2001:02d8:ee9c:775c:b700:a912:2938:c8cb:40594 -> 2404:6800:4004:0827:0000:0000:0000:200d:443
05/17/2023-23:39:36.098535  [**] [1:10012:1] HTTPS google.com access [**] [Classification: (null)] [Priority: 3] {TCP} 2001:02d8:ee9c:775c:b700:a912:2938:c8cb:41056 -> 2404:6800:4004:0827:0000:0000:0000:200e:443
05/17/2023-23:39:36.102373  [**] [1:10012:1] HTTPS google.com access [**] [Classification: (null)] [Priority: 3] {TCP} 2001:02d8:ee9c:775c:b700:a912:2938:c8cb:41066 -> 2404:6800:4004:0827:0000:0000:0000:200e:443
05/17/2023-23:39:50.797007  [**] [1:10010:1] HTTPS facebook access [**] [Classification: (null)] [Priority: 3] {TCP} 2001:02d8:ee9c:775c:b700:a912:2938:c8cb:45204 -> 0064:ff9b:0000:0000:0000:0000:1f0d:4c23:443
05/17/2023-23:39:51.575530  [**] [1:10010:1] HTTPS facebook access [**] [Classification: (null)] [Priority: 3] {TCP} 2001:02d8:ee9c:775c:b700:a912:2938:c8cb:45208 -> 0064:ff9b:0000:0000:0000:0000:1f0d:4c23:443
05/17/2023-23:40:01.249254  [**] [1:10013:1] HTTPS amazon.com access [**] [Classification: (null)] [Priority: 3] {TCP} 2001:02d8:ee9c:775c:b700:a912:2938:c8cb:52514 -> 2600:9000:2139:3a00:0007:49a5:5fd2:8621:443
05/17/2023-23:40:01.845005  [**] [1:10013:1] HTTPS amazon.com access [**] [Classification: (null)] [Priority: 3] {TCP} 2001:02d8:ee9c:775c:b700:a912:2938:c8cb:46338 -> 2600:9000:23e4:aa00:001d:d7f6:39d2:2dc1:443
05/17/2023-23:40:01.858841  [**] [1:10013:1] HTTPS amazon.com access [**] [Classification: (null)] [Priority: 3] {TCP} 2001:02d8:ee9c:775c:b700:a912:2938:c8cb:46326 -> 2600:9000:23e4:aa00:001d:d7f6:39d2:2dc1:443
05/17/2023-23:40:01.860134  [**] [1:10013:1] HTTPS amazon.com access [**] [Classification: (null)] [Priority: 3] {TCP} 2001:02d8:ee9c:775c:b700:a912:2938:c8cb:37902 -> 2a04:4e42:007c:0000:0000:0000:0000:0272:443
05/17/2023-23:40:01.865188  [**] [1:10013:1] HTTPS amazon.com access [**] [Classification: (null)] [Priority: 3] {TCP} 2001:02d8:ee9c:775c:b700:a912:2938:c8cb:37896 -> 2a04:4e42:007c:0000:0000:0000:0000:0272:443
05/17/2023-23:40:02.431310  [**] [1:10013:1] HTTPS amazon.com access [**] [Classification: (null)] [Priority: 3] {TCP} 2001:02d8:ee9c:775c:b700:a912:2938:c8cb:46792 -> 0064:ff9b:0000:0000:0000:0000:3436:c056:443
05/17/2023-23:40:02.618020  [**] [1:10013:1] HTTPS amazon.com access [**] [Classification: (null)] [Priority: 3] {TCP} 192.168.255.101:49870 -> 54.160.168.1:443
05/17/2023-23:40:02.910940  [**] [1:10013:1] HTTPS amazon.com access [**] [Classification: (null)] [Priority: 3] {TCP} 2001:02d8:ee9c:775c:b700:a912:2938:c8cb:48264 -> 0064:ff9b:0000:0000:0000:0000:d136:b129:443
05/17/2023-23:40:03.146954  [**] [1:10013:1] HTTPS amazon.com access [**] [Classification: (null)] [Priority: 3] {TCP} 2001:02d8:ee9c:775c:b700:a912:2938:c8cb:48270 -> 0064:ff9b:0000:0000:0000:0000:d136:b129:443
05/17/2023-23:40:03.465497  [**] [1:10013:1] HTTPS amazon.com access [**] [Classification: (null)] [Priority: 3] {TCP} 2001:02d8:ee9c:775c:b700:a912:2938:c8cb:48276 -> 0064:ff9b:0000:0000:0000:0000:d136:b129:443
05/17/2023-23:40:03.633550  [**] [1:10013:1] HTTPS amazon.com access [**] [Classification: (null)] [Priority: 3] {TCP} 2001:02d8:ee9c:775c:b700:a912:2938:c8cb:54864 -> 0064:ff9b:0000:0000:0000:0000:345e:f359:443
05/17/2023-23:40:04.449627  [**] [1:10013:1] HTTPS amazon.com access [**] [Classification: (null)] [Priority: 3] {TCP} 2001:02d8:ee9c:775c:b700:a912:2938:c8cb:48284 -> 0064:ff9b:0000:0000:0000:0000:d136:b129:443
05/17/2023-23:40:04.449857  [**] [1:10013:1] HTTPS amazon.com access [**] [Classification: (null)] [Priority: 3] {TCP} 2001:02d8:ee9c:775c:b700:a912:2938:c8cb:48630 -> 0064:ff9b:0000:0000:0000:0000:342e:8df9:443
05/17/2023-23:40:04.494376  [**] [1:10013:1] HTTPS amazon.com access [**] [Classification: (null)] [Priority: 3] {TCP} 2001:02d8:ee9c:775c:b700:a912:2938:c8cb:48286 -> 0064:ff9b:0000:0000:0000:0000:d136:b129:443
05/17/2023-23:40:04.601850  [**] [1:10013:1] HTTPS amazon.com access [**] [Classification: (null)] [Priority: 3] {TCP} 2001:02d8:ee9c:775c:b700:a912:2938:c8cb:46970 -> 2a04:4e42:007c:0000:0000:0000:0000:0307:443
05/17/2023-23:40:04.617606  [**] [1:10013:1] HTTPS amazon.com access [**] [Classification: (null)] [Priority: 3] {TCP} 2001:02d8:ee9c:775c:b700:a912:2938:c8cb:46982 -> 2a04:4e42:007c:0000:0000:0000:0000:0307:443
05/17/2023-23:40:04.949017  [**] [1:10013:1] HTTPS amazon.com access [**] [Classification: (null)] [Priority: 3] {TCP} 2001:02d8:ee9c:775c:b700:a912:2938:c8cb:40276 -> 0064:ff9b:0000:0000:0000:0000:43dc:f01f:443
05/17/2023-23:40:04.953078  [**] [1:10013:1] HTTPS amazon.com access [**] [Classification: (null)] [Priority: 3] {TCP} 2001:02d8:ee9c:775c:b700:a912:2938:c8cb:40268 -> 0064:ff9b:0000:0000:0000:0000:43dc:f01f:443
05/17/2023-23:40:04.959191  [**] [1:10013:1] HTTPS amazon.com access [**] [Classification: (null)] [Priority: 3] {TCP} 2001:02d8:ee9c:775c:b700:a912:2938:c8cb:40260 -> 0064:ff9b:0000:0000:0000:0000:43dc:f01f:443
05/17/2023-23:40:04.962787  [**] [1:10013:1] HTTPS amazon.com access [**] [Classification: (null)] [Priority: 3] {TCP} 2001:02d8:ee9c:775c:b700:a912:2938:c8cb:40256 -> 0064:ff9b:0000:0000:0000:0000:43dc:f01f:443
05/17/2023-23:40:05.394546  [**] [1:10013:1] HTTPS amazon.com access [**] [Classification: (null)] [Priority: 3] {TCP} 2001:02d8:ee9c:775c:b700:a912:2938:c8cb:40312 -> 0064:ff9b:0000:0000:0000:0000:43dc:f01f:443
05/17/2023-23:40:05.399252  [**] [1:10013:1] HTTPS amazon.com access [**] [Classification: (null)] [Priority: 3] {TCP} 2001:02d8:ee9c:775c:b700:a912:2938:c8cb:40300 -> 0064:ff9b:0000:0000:0000:0000:43dc:f01f:443
05/17/2023-23:40:05.401015  [**] [1:10013:1] HTTPS amazon.com access [**] [Classification: (null)] [Priority: 3] {TCP} 192.168.255.101:54986 -> 52.46.143.155:443
05/17/2023-23:40:05.418473  [**] [1:10013:1] HTTPS amazon.com access [**] [Classification: (null)] [Priority: 3] {TCP} 2001:02d8:ee9c:775c:b700:a912:2938:c8cb:40292 -> 0064:ff9b:0000:0000:0000:0000:43dc:f01f:443
05/17/2023-23:40:06.040311  [**] [1:10013:1] HTTPS amazon.com access [**] [Classification: (null)] [Priority: 3] {TCP} 2001:02d8:ee9c:775c:b700:a912:2938:c8cb:51074 -> 0064:ff9b:0000:0000:0000:0000:d136:b129:443
05/17/2023-23:40:06.217366  [**] [1:10013:1] HTTPS amazon.com access [**] [Classification: (null)] [Priority: 3] {TCP} 2001:02d8:ee9c:775c:b700:a912:2938:c8cb:46496 -> 0064:ff9b:0000:0000:0000:0000:342e:8844:443
05/17/2023-23:40:06.344877  [**] [1:10013:1] HTTPS amazon.com access [**] [Classification: (null)] [Priority: 3] {TCP} 2001:02d8:ee9c:775c:b700:a912:2938:c8cb:46514 -> 0064:ff9b:0000:0000:0000:0000:342e:8844:443
05/17/2023-23:40:06.347458  [**] [1:10013:1] HTTPS amazon.com access [**] [Classification: (null)] [Priority: 3] {TCP} 2001:02d8:ee9c:775c:b700:a912:2938:c8cb:46500 -> 0064:ff9b:0000:0000:0000:0000:342e:8844:443
05/17/2023-23:40:08.963013  [**] [1:10014:1] HTTPS wechat.com access [**] [Classification: (null)] [Priority: 3] {TCP} 2001:02d8:ee9c:775c:b700:a912:2938:c8cb:53204 -> 0064:ff9b:0000:0000:0000:0000:6520:68a9:443
05/17/2023-23:40:09.993742  [**] [1:10010:1] HTTPS facebook access [**] [Classification: (null)] [Priority: 3] {TCP} 2001:02d8:ee9c:775c:b700:a912:2938:c8cb:57526 -> 0064:ff9b:0000:0000:0000:0000:1f0d:4c23:443
05/17/2023-23:40:12.018576  [**] [1:10014:1] HTTPS wechat.com access [**] [Classification: (null)] [Priority: 3] {TCP} 2001:02d8:ee9c:775c:b700:a912:2938:c8cb:53690 -> 0064:ff9b:0000:0000:0000:0000:263c:b520:443
05/17/2023-23:40:12.470023  [**] [1:10014:1] HTTPS wechat.com access [**] [Classification: (null)] [Priority: 3] {TCP} 2001:02d8:ee9c:775c:b700:a912:2938:c8cb:45016 -> 0064:ff9b:0000:0000:0000:0000:6520:8535:443
05/17/2023-23:40:20.250929  [**] [1:10015:1] HTTPS whatsapp.com access [**] [Classification: (null)] [Priority: 3] {TCP} 2001:02d8:ee9c:775c:b700:a912:2938:c8cb:47062 -> 0064:ff9b:0000:0000:0000:0000:1f0d:4c3c:443
05/17/2023-23:40:20.471596  [**] [1:10015:1] HTTPS whatsapp.com access [**] [Classification: (null)] [Priority: 3] {TCP} 2001:02d8:ee9c:775c:b700:a912:2938:c8cb:47076 -> 0064:ff9b:0000:0000:0000:0000:1f0d:4c3c:443
05/17/2023-23:40:30.741795  [**] [1:10016:1] HTTPS tiktok.com access [**] [Classification: (null)] [Priority: 3] {TCP} 2001:02d8:ee9c:775c:b700:a912:2938:c8cb:44080 -> 0064:ff9b:0000:0000:0000:0000:afcf:0e58:443
05/17/2023-23:40:35.699154  [**] [1:10016:1] HTTPS tiktok.com access [**] [Classification: (null)] [Priority: 3] {TCP} 2001:02d8:ee9c:775c:b700:a912:2938:c8cb:57912 -> 0064:ff9b:0000:0000:0000:0000:1720:38a8:443
05/17/2023-23:40:35.703524  [**] [1:10016:1] HTTPS tiktok.com access [**] [Classification: (null)] [Priority: 3] {TCP} 2001:02d8:ee9c:775c:b700:a912:2938:c8cb:57896 -> 0064:ff9b:0000:0000:0000:0000:1720:38a8:443
05/17/2023-23:40:37.666874  [**] [1:10016:1] HTTPS tiktok.com access [**] [Classification: (null)] [Priority: 3] {TCP} 2001:02d8:ee9c:775c:b700:a912:2938:c8cb:52334 -> 0064:ff9b:0000:0000:0000:0000:172b:a571:443
05/17/2023-23:40:37.963708  [**] [1:10016:1] HTTPS tiktok.com access [**] [Classification: (null)] [Priority: 3] {TCP} 2001:02d8:ee9c:775c:b700:a912:2938:c8cb:53238 -> 0064:ff9b:0000:0000:0000:0000:1720:38b0:443
05/17/2023-23:40:40.551345  [**] [1:10016:1] HTTPS tiktok.com access [**] [Classification: (null)] [Priority: 3] {TCP} 2001:02d8:ee9c:775c:b700:a912:2938:c8cb:47484 -> 0064:ff9b:0000:0000:0000:0000:1720:38aa:443
05/17/2023-23:40:41.147128  [**] [1:10016:1] HTTPS tiktok.com access [**] [Classification: (null)] [Priority: 3] {TCP} 2001:02d8:ee9c:775c:b700:a912:2938:c8cb:47496 -> 0064:ff9b:0000:0000:0000:0000:1720:38aa:443
05/17/2023-23:40:41.481619  [**] [1:10016:1] HTTPS tiktok.com access [**] [Classification: (null)] [Priority: 3] {TCP} 2001:02d8:ee9c:775c:b700:a912:2938:c8cb:47498 -> 0064:ff9b:0000:0000:0000:0000:1720:38aa:443
05/17/2023-23:40:41.558543  [**] [1:10017:1] HTTPS skype.com access [**] [Classification: (null)] [Priority: 3] {TCP} 2001:02d8:ee9c:775c:b700:a912:2938:c8cb:39004 -> 0064:ff9b:0000:0000:0000:0000:1467:5521:443
05/17/2023-23:40:41.961124  [**] [1:10017:1] HTTPS skype.com access [**] [Classification: (null)] [Priority: 3] {TCP} 2001:02d8:ee9c:775c:b700:a912:2938:c8cb:45918 -> 2620:01ec:0042:0000:0000:0000:0000:0133:443
05/17/2023-23:40:46.096413  [**] [1:10012:1] HTTPS google.com access [**] [Classification: (null)] [Priority: 3] {TCP} 2001:02d8:ee9c:775c:b700:a912:2938:c8cb:42182 -> 2404:6800:4004:0820:0000:0000:0000:2004:443
05/17/2023-23:40:49.142675  [**] [1:10018:1] HTTPS discord.com access [**] [Classification: (null)] [Priority: 3] {TCP} 2001:02d8:ee9c:775c:b700:a912:2938:c8cb:36450 -> 0064:ff9b:0000:0000:0000:0000:a29f:87e8:443
05/17/2023-23:41:00.210485  [**] [1:10019:1] notion.so access [**] [Classification: (null)] [Priority: 3] {TCP} 2001:02d8:ee9c:775c:b700:a912:2938:c8cb:33082 -> 2606:4700:0000:0000:0000:0000:6812:07b7:443
05/17/2023-23:41:02.190895  [**] [1:10019:1] notion.so access [**] [Classification: (null)] [Priority: 3] {TCP} 2001:02d8:ee9c:775c:b700:a912:2938:c8cb:37844 -> 2606:4700:0000:0000:0000:0000:6812:06b7:443
05/17/2023-23:41:02.198249  [**] [1:10019:1] notion.so access [**] [Classification: (null)] [Priority: 3] {TCP} 2001:02d8:ee9c:775c:b700:a912:2938:c8cb:37848 -> 2606:4700:0000:0000:0000:0000:6812:06b7:443
05/17/2023-23:41:02.519989  [**] [1:10019:1] notion.so access [**] [Classification: (null)] [Priority: 3] {TCP} 2001:02d8:ee9c:775c:b700:a912:2938:c8cb:43910 -> 0064:ff9b:0000:0000:0000:0000:0de1:8342:443
05/17/2023-23:41:03.173682  [**] [1:10019:1] notion.so access [**] [Classification: (null)] [Priority: 3] {TCP} 2001:02d8:ee9c:775c:b700:a912:2938:c8cb:43916 -> 0064:ff9b:0000:0000:0000:0000:0de1:8342:443
05/17/2023-23:41:04.001509  [**] [1:10012:1] HTTPS google.com access [**] [Classification: (null)] [Priority: 3] {TCP} 2001:02d8:ee9c:775c:b700:a912:2938:c8cb:33938 -> 2404:6800:4004:0820:0000:0000:0000:2004:443
05/17/2023-23:41:04.198415  [**] [1:10010:1] HTTPS facebook access [**] [Classification: (null)] [Priority: 3] {TCP} 2001:02d8:ee9c:775c:b700:a912:2938:c8cb:41644 -> 0064:ff9b:0000:0000:0000:0000:1f0d:4c23:443
05/17/2023-23:41:04.714401  [**] [1:10011:1] HTTPS linkedin.com access [**] [Classification: (null)] [Priority: 3] {TCP} 2001:02d8:ee9c:775c:b700:a912:2938:c8cb:42574 -> 2620:01ec:0021:0000:0000:0000:0000:0014:443
05/17/2023-23:41:05.391906  [**] [1:10012:1] HTTPS google.com access [**] [Classification: (null)] [Priority: 3] {TCP} 2001:02d8:ee9c:775c:b700:a912:2938:c8cb:55814 -> 2404:6800:4004:0827:0000:0000:0000:200d:443
05/17/2023-23:41:06.263922  [**] [1:10012:1] HTTPS google.com access [**] [Classification: (null)] [Priority: 3] {TCP} 2001:02d8:ee9c:775c:b700:a912:2938:c8cb:49866 -> 2001:4860:4802:0038:0000:0000:0000:0181:443
05/17/2023-23:41:06.362925  [**] [1:10012:1] HTTPS google.com access [**] [Classification: (null)] [Priority: 3] {TCP} 2001:02d8:ee9c:775c:b700:a912:2938:c8cb:51908 -> 2404:6800:4004:0820:0000:0000:0000:2002:443
05/17/2023-23:41:06.418156  [**] [1:10012:1] HTTPS google.com access [**] [Classification: (null)] [Priority: 3] {TCP} 2001:02d8:ee9c:775c:b700:a912:2938:c8cb:51914 -> 2404:6800:4004:0820:0000:0000:0000:2002:443
05/17/2023-23:41:06.549171  [**] [1:10016:1] HTTPS tiktok.com access [**] [Classification: (null)] [Priority: 3] {TCP} 2001:02d8:ee9c:775c:b700:a912:2938:c8cb:40010 -> 0064:ff9b:0000:0000:0000:0000:1720:38b2:443
05/17/2023-23:41:11.217867  [**] [1:10012:1] HTTPS google.com access [**] [Classification: (null)] [Priority: 3] {TCP} 2001:02d8:ee9c:775c:b700:a912:2938:c8cb:49870 -> 2001:4860:4802:0038:0000:0000:0000:0181:443
05/17/2023-23:41:11.643877  [**] [1:10020:1] soundcloud access [**] [Classification: (null)] [Priority: 3] {TCP} 2001:02d8:ee9c:775c:b700:a912:2938:c8cb:32768 -> 0064:ff9b:0000:0000:0000:0000:3454:9633:443
05/17/2023-23:41:13.024326  [**] [1:10012:1] HTTPS google.com access [**] [Classification: (null)] [Priority: 3] {TCP} 2001:02d8:ee9c:775c:b700:a912:2938:c8cb:49880 -> 2001:4860:4802:0038:0000:0000:0000:0181:443
05/17/2023-23:41:13.744544  [**] [1:10020:1] soundcloud access [**] [Classification: (null)] [Priority: 3] {TCP} 2001:02d8:ee9c:775c:b700:a912:2938:c8cb:53982 -> 0064:ff9b:0000:0000:0000:0000:1240:0132:443
05/17/2023-23:41:15.051053  [**] [1:10020:1] soundcloud access [**] [Classification: (null)] [Priority: 3] {TCP} 2001:02d8:ee9c:775c:b700:a912:2938:c8cb:42000 -> 0064:ff9b:0000:0000:0000:0000:1240:013f:443
05/17/2023-23:41:15.116687  [**] [1:10020:1] soundcloud access [**] [Classification: (null)] [Priority: 3] {TCP} 2001:02d8:ee9c:775c:b700:a912:2938:c8cb:42026 -> 0064:ff9b:0000:0000:0000:0000:1240:013f:443
05/17/2023-23:41:15.174154  [**] [1:10020:1] soundcloud access [**] [Classification: (null)] [Priority: 3] {TCP} 2001:02d8:ee9c:775c:b700:a912:2938:c8cb:42012 -> 0064:ff9b:0000:0000:0000:0000:1240:013f:443
05/17/2023-23:41:15.215981  [**] [1:10020:1] soundcloud access [**] [Classification: (null)] [Priority: 3] {TCP} 2001:02d8:ee9c:775c:b700:a912:2938:c8cb:56260 -> 0064:ff9b:0000:0000:0000:0000:1240:083e:443
05/17/2023-23:41:15.299534  [**] [1:10020:1] soundcloud access [**] [Classification: (null)] [Priority: 3] {TCP} 2001:02d8:ee9c:775c:b700:a912:2938:c8cb:42036 -> 0064:ff9b:0000:0000:0000:0000:1240:013f:443
05/17/2023-23:41:15.467295  [**] [1:10020:1] soundcloud access [**] [Classification: (null)] [Priority: 3] {TCP} 2001:02d8:ee9c:775c:b700:a912:2938:c8cb:52518 -> 0064:ff9b:0000:0000:0000:0000:6356:cf14:443
05/17/2023-23:41:15.685302  [**] [1:10020:1] soundcloud access [**] [Classification: (null)] [Priority: 3] {TCP} 2001:02d8:ee9c:775c:b700:a912:2938:c8cb:56268 -> 0064:ff9b:0000:0000:0000:0000:1240:083e:443
05/17/2023-23:41:16.545295  [**] [1:10012:1] HTTPS google.com access [**] [Classification: (null)] [Priority: 3] {TCP} 2001:02d8:ee9c:775c:b700:a912:2938:c8cb:49426 -> 2404:6800:4004:0821:0000:0000:0000:2002:443
05/17/2023-23:41:17.992011  [**] [1:10012:1] HTTPS google.com access [**] [Classification: (null)] [Priority: 3] {TCP} 2001:02d8:ee9c:775c:b700:a912:2938:c8cb:57838 -> 2404:6800:4004:0820:0000:0000:0000:2004:443
05/17/2023-23:41:23.884756  [**] [1:10015:1] HTTPS whatsapp.com access [**] [Classification: (null)] [Priority: 3] {TCP} 2001:02d8:ee9c:775c:b700:a912:2938:c8cb:59256 -> 0064:ff9b:0000:0000:0000:0000:1f0d:4c3c:443
05/17/2023-23:41:29.484331  [**] [1:10014:1] HTTPS wechat.com access [**] [Classification: (null)] [Priority: 3] {TCP} 2001:02d8:ee9c:775c:b700:a912:2938:c8cb:37598 -> 0064:ff9b:0000:0000:0000:0000:6520:68a9:443
05/17/2023-23:41:39.674368  [**] [1:10012:1] HTTPS google.com access [**] [Classification: (null)] [Priority: 3] {TCP} 2001:02d8:ee9c:775c:b700:a912:2938:c8cb:47476 -> 2404:6800:4004:0820:0000:0000:0000:2004:443
05/17/2023-23:41:41.091597  [**] [1:10012:1] HTTPS google.com access [**] [Classification: (null)] [Priority: 3] {TCP} 2001:02d8:ee9c:775c:b700:a912:2938:c8cb:59394 -> 2404:6800:4004:0821:0000:0000:0000:200e:443
05/17/2023-23:41:41.541507  [**] [1:10011:1] HTTPS linkedin.com access [**] [Classification: (null)] [Priority: 3] {TCP} 2001:02d8:ee9c:775c:b700:a912:2938:c8cb:41552 -> 2620:01ec:004e:0001:0000:0000:0000:0049:443
05/17/2023-23:41:41.849714  [**] [1:10012:1] HTTPS google.com access [**] [Classification: (null)] [Priority: 3] {TCP} 2001:02d8:ee9c:775c:b700:a912:2938:c8cb:39292 -> 2404:6800:4004:0801:0000:0000:0000:200e:443
05/17/2023-23:41:43.378841  [**] [1:10011:1] HTTPS linkedin.com access [**] [Classification: (null)] [Priority: 3] {TCP} 2001:02d8:ee9c:775c:b700:a912:2938:c8cb:55258 -> 2600:1410:b000:0000:0000:0000:1743:3512:443
05/17/2023-23:41:43.466881  [**] [1:10011:1] HTTPS linkedin.com access [**] [Classification: (null)] [Priority: 3] {TCP} 2001:02d8:ee9c:775c:b700:a912:2938:c8cb:60580 -> 2620:0109:c002:0000:0000:0000:6cae:0a14:443
05/17/2023-23:41:43.589056  [**] [1:10011:1] HTTPS linkedin.com access [**] [Classification: (null)] [Priority: 3] {TCP} 192.168.255.101:58092 -> 108.174.10.20:443
05/17/2023-23:41:43.657236  [**] [1:10011:1] HTTPS linkedin.com access [**] [Classification: (null)] [Priority: 3] {TCP} 2001:02d8:ee9c:775c:b700:a912:2938:c8cb:45296 -> 0064:ff9b:0000:0000:0000:0000:9002:0901:443
05/17/2023-23:41:43.832487  [**] [1:10012:1] HTTPS google.com access [**] [Classification: (null)] [Priority: 3] {TCP} 2001:02d8:ee9c:775c:b700:a912:2938:c8cb:42680 -> 2404:6800:4004:0827:0000:0000:0000:200d:443
05/17/2023-23:41:43.898280  [**] [1:10012:1] HTTPS google.com access [**] [Classification: (null)] [Priority: 3] {TCP} 2001:02d8:ee9c:775c:b700:a912:2938:c8cb:42696 -> 2404:6800:4004:0827:0000:0000:0000:200d:443
05/17/2023-23:41:44.940701  [**] [1:10010:1] HTTPS facebook access [**] [Classification: (null)] [Priority: 3] {TCP} 2001:02d8:ee9c:775c:b700:a912:2938:c8cb:39102 -> 0064:ff9b:0000:0000:0000:0000:1f0d:4c23:443
05/17/2023-23:41:48.626397  [**] [1:10011:1] HTTPS linkedin.com access [**] [Classification: (null)] [Priority: 3] {TCP} 2001:02d8:ee9c:775c:b700:a912:2938:c8cb:42742 -> 2620:0109:c002:0000:0000:0000:6cae:0a14:443
05/17/2023-23:41:48.658743  [**] [1:10011:1] HTTPS linkedin.com access [**] [Classification: (null)] [Priority: 3] {TCP} 2001:02d8:ee9c:775c:b700:a912:2938:c8cb:42758 -> 2620:0109:c002:0000:0000:0000:6cae:0a14:443
05/17/2023-23:41:51.253488  [**] [1:10012:1] HTTPS google.com access [**] [Classification: (null)] [Priority: 3] {TCP} 2001:02d8:ee9c:775c:b700:a912:2938:c8cb:37312 -> 2404:6800:4004:0827:0000:0000:0000:200d:443
05/17/2023-23:42:14.431513  [**] [1:10009:1] HTTPS instagram access [**] [Classification: (null)] [Priority: 3] {TCP} 2001:02d8:ee9c:775c:b700:a912:2938:c8cb:55868 -> 0064:ff9b:0000:0000:0000:0000:1f0d:4cae:443
05/17/2023-23:42:14.750207  [**] [1:10009:1] HTTPS instagram access [**] [Classification: (null)] [Priority: 3] {TCP} 2001:02d8:ee9c:775c:b700:a912:2938:c8cb:55884 -> 0064:ff9b:0000:0000:0000:0000:1f0d:4cae:443
05/17/2023-23:42:29.142173  [**] [1:10007:1] HTTPS gitlab.com access [**] [Classification: (null)] [Priority: 3] {TCP} 2001:02d8:ee9c:775c:b700:a912:2938:c8cb:36896 -> 2606:4700:0090:0000:f22e:fbec:5bed:a9b9:443
05/17/2023-23:42:29.646626  [**] [1:10007:1] HTTPS gitlab.com access [**] [Classification: (null)] [Priority: 3] {TCP} 2001:02d8:ee9c:775c:b700:a912:2938:c8cb:47268 -> 2a04:4e42:0600:0000:0000:0000:0000:0561:443
05/17/2023-23:42:34.506114  [**] [1:10012:1] HTTPS google.com access [**] [Classification: (null)] [Priority: 3] {TCP} 2001:02d8:ee9c:775c:b700:a912:2938:c8cb:53822 -> 2404:6800:4004:0823:0000:0000:0000:2004:443
05/17/2023-23:42:35.245535  [**] [1:10012:1] HTTPS google.com access [**] [Classification: (null)] [Priority: 3] {TCP} 2001:02d8:ee9c:775c:b700:a912:2938:c8cb:53340 -> 2404:6800:4004:0827:0000:0000:0000:2002:443
05/17/2023-23:42:36.125194  [**] [1:10011:1] HTTPS linkedin.com access [**] [Classification: (null)] [Priority: 3] {TCP} 2001:02d8:ee9c:775c:b700:a912:2938:c8cb:38712 -> 2620:0109:c002:0000:0000:0000:6cae:0a14:443
05/17/2023-23:42:41.414824  [**] [1:10008:1] HTTPS github access [**] [Classification: (null)] [Priority: 3] {TCP} 2001:02d8:ee9c:775c:b700:a912:2938:c8cb:41802 -> 0064:ff9b:0000:0000:0000:0000:14c8:f5f7:443
05/17/2023-23:42:42.930369  [**] [1:10008:1] HTTPS github access [**] [Classification: (null)] [Priority: 3] {TCP} 2001:02d8:ee9c:775c:b700:a912:2938:c8cb:41852 -> 0064:ff9b:0000:0000:0000:0000:14c8:f5f5:443
05/17/2023-23:42:43.272256  [**] [1:10008:1] HTTPS github access [**] [Classification: (null)] [Priority: 3] {TCP} 2001:02d8:ee9c:775c:b700:a912:2938:c8cb:54932 -> 0064:ff9b:0000:0000:0000:0000:8c52:7215:443
05/17/2023-23:42:45.527719  [**] [1:10005:1] HTTPS dcinside.com access [**] [Classification: (null)] [Priority: 3] {TCP} 2001:02d8:ee9c:775c:b700:a912:2938:c8cb:34530 -> 0064:ff9b:0000:0000:0000:0000:797d:3cf4:443
05/17/2023-23:42:45.918711  [**] [1:10005:1] HTTPS dcinside.com access [**] [Classification: (null)] [Priority: 3] {TCP} 2001:02d8:ee9c:775c:b700:a912:2938:c8cb:44780 -> 0064:ff9b:0000:0000:0000:0000:0e00:7075:443
05/17/2023-23:42:45.953306  [**] [1:10005:1] HTTPS dcinside.com access [**] [Classification: (null)] [Priority: 3] {TCP} 2001:02d8:ee9c:775c:b700:a912:2938:c8cb:44822 -> 0064:ff9b:0000:0000:0000:0000:0e00:7075:443
05/17/2023-23:42:45.954217  [**] [1:10005:1] HTTPS dcinside.com access [**] [Classification: (null)] [Priority: 3] {TCP} 2001:02d8:ee9c:775c:b700:a912:2938:c8cb:44796 -> 0064:ff9b:0000:0000:0000:0000:0e00:7075:443
05/17/2023-23:42:45.955201  [**] [1:10005:1] HTTPS dcinside.com access [**] [Classification: (null)] [Priority: 3] {TCP} 2001:02d8:ee9c:775c:b700:a912:2938:c8cb:44814 -> 0064:ff9b:0000:0000:0000:0000:0e00:7075:443
05/17/2023-23:42:45.956020  [**] [1:10005:1] HTTPS dcinside.com access [**] [Classification: (null)] [Priority: 3] {TCP} 2001:02d8:ee9c:775c:b700:a912:2938:c8cb:44804 -> 0064:ff9b:0000:0000:0000:0000:0e00:7075:443
05/17/2023-23:42:45.957415  [**] [1:10005:1] HTTPS dcinside.com access [**] [Classification: (null)] [Priority: 3] {TCP} 2001:02d8:ee9c:775c:b700:a912:2938:c8cb:44810 -> 0064:ff9b:0000:0000:0000:0000:0e00:7075:443
05/17/2023-23:42:46.129351  [**] [1:10005:1] HTTPS dcinside.com access [**] [Classification: (null)] [Priority: 3] {TCP} 2001:02d8:ee9c:775c:b700:a912:2938:c8cb:45442 -> 0064:ff9b:0000:0000:0000:0000:0322:d696:443
05/17/2023-23:42:46.181648  [**] [1:10005:1] HTTPS dcinside.com access [**] [Classification: (null)] [Priority: 3] {TCP} 2001:02d8:ee9c:775c:b700:a912:2938:c8cb:53448 -> 0064:ff9b:0000:0000:0000:0000:0e00:71cf:443
05/17/2023-23:42:46.887733  [**] [1:10005:1] HTTPS dcinside.com access [**] [Classification: (null)] [Priority: 3] {TCP} 2001:02d8:ee9c:775c:b700:a912:2938:c8cb:57736 -> 0064:ff9b:0000:0000:0000:0000:797d:3cf2:443
05/17/2023-23:42:47.081624  [**] [1:10005:1] HTTPS dcinside.com access [**] [Classification: (null)] [Priority: 3] {TCP} 2001:02d8:ee9c:775c:b700:a912:2938:c8cb:51222 -> 0064:ff9b:0000:0000:0000:0000:797d:3cf1:443
05/17/2023-23:42:47.361719  [**] [1:10005:1] HTTPS dcinside.com access [**] [Classification: (null)] [Priority: 3] {TCP} 2001:02d8:ee9c:775c:b700:a912:2938:c8cb:44826 -> 0064:ff9b:0000:0000:0000:0000:0e00:7075:443
05/17/2023-23:42:47.369463  [**] [1:10005:1] HTTPS dcinside.com access [**] [Classification: (null)] [Priority: 3] {TCP} 2001:02d8:ee9c:775c:b700:a912:2938:c8cb:44830 -> 0064:ff9b:0000:0000:0000:0000:0e00:7075:443
05/17/2023-23:42:47.423335  [**] [1:10005:1] HTTPS dcinside.com access [**] [Classification: (null)] [Priority: 3] {TCP} 2001:02d8:ee9c:775c:b700:a912:2938:c8cb:36722 -> 0064:ff9b:0000:0000:0000:0000:797d:4d41:443
05/17/2023-23:42:52.539821  [**] [1:10006:1] HTTPS portal.korea.ac.kr access [**] [Classification: (null)] [Priority: 3] {TCP} 2001:02d8:ee9c:775c:b700:a912:2938:c8cb:43750 -> 0064:ff9b:0000:0000:0000:0000:a398:0613:443
05/17/2023-23:42:53.164934  [**] [1:10006:1] HTTPS portal.korea.ac.kr access [**] [Classification: (null)] [Priority: 3] {TCP} 2001:02d8:ee9c:775c:b700:a912:2938:c8cb:43768 -> 0064:ff9b:0000:0000:0000:0000:a398:0613:443
05/17/2023-23:42:53.174232  [**] [1:10006:1] HTTPS portal.korea.ac.kr access [**] [Classification: (null)] [Priority: 3] {TCP} 2001:02d8:ee9c:775c:b700:a912:2938:c8cb:43792 -> 0064:ff9b:0000:0000:0000:0000:a398:0613:443
05/17/2023-23:42:53.174803  [**] [1:10006:1] HTTPS portal.korea.ac.kr access [**] [Classification: (null)] [Priority: 3] {TCP} 2001:02d8:ee9c:775c:b700:a912:2938:c8cb:43788 -> 0064:ff9b:0000:0000:0000:0000:a398:0613:443
05/17/2023-23:42:53.175054  [**] [1:10006:1] HTTPS portal.korea.ac.kr access [**] [Classification: (null)] [Priority: 3] {TCP} 2001:02d8:ee9c:775c:b700:a912:2938:c8cb:43778 -> 0064:ff9b:0000:0000:0000:0000:a398:0613:443
05/17/2023-23:42:53.181396  [**] [1:10006:1] HTTPS portal.korea.ac.kr access [**] [Classification: (null)] [Priority: 3] {TCP} 2001:02d8:ee9c:775c:b700:a912:2938:c8cb:43794 -> 0064:ff9b:0000:0000:0000:0000:a398:0613:443
05/17/2023-23:42:53.181866  [**] [1:10006:1] HTTPS portal.korea.ac.kr access [**] [Classification: (null)] [Priority: 3] {TCP} 2001:02d8:ee9c:775c:b700:a912:2938:c8cb:43800 -> 0064:ff9b:0000:0000:0000:0000:a398:0613:443
05/17/2023-23:43:03.147772  [**] [1:10003:1] HTTPS naver.com access [**] [Classification: (null)] [Priority: 3] {TCP} 2001:02d8:ee9c:775c:b700:a912:2938:c8cb:49452 -> 0064:ff9b:0000:0000:0000:0000:df82:c3c8:443
05/17/2023-23:43:04.480663  [**] [1:10003:1] HTTPS naver.com access [**] [Classification: (null)] [Priority: 3] {TCP} 2001:02d8:ee9c:775c:b700:a912:2938:c8cb:50076 -> 0064:ff9b:0000:0000:0000:0000:6e5d:9a4a:443
05/17/2023-23:43:04.485749  [**] [1:10003:1] HTTPS naver.com access [**] [Classification: (null)] [Priority: 3] {TCP} 2001:02d8:ee9c:775c:b700:a912:2938:c8cb:50068 -> 0064:ff9b:0000:0000:0000:0000:6e5d:9a4a:443
05/17/2023-23:43:04.486651  [**] [1:10003:1] HTTPS naver.com access [**] [Classification: (null)] [Priority: 3] {TCP} 2001:02d8:ee9c:775c:b700:a912:2938:c8cb:50066 -> 0064:ff9b:0000:0000:0000:0000:6e5d:9a4a:443
05/17/2023-23:43:04.631550  [**] [1:10003:1] HTTPS naver.com access [**] [Classification: (null)] [Priority: 3] {TCP} 2001:02d8:ee9c:775c:b700:a912:2938:c8cb:45038 -> 0064:ff9b:0000:0000:0000:0000:af9e:0087:443
05/17/2023-23:43:04.632024  [**] [1:10003:1] HTTPS naver.com access [**] [Classification: (null)] [Priority: 3] {TCP} 2001:02d8:ee9c:775c:b700:a912:2938:c8cb:39642 -> 0064:ff9b:0000:0000:0000:0000:d259:a829:443
05/17/2023-23:43:04.828844  [**] [1:10003:1] HTTPS naver.com access [**] [Classification: (null)] [Priority: 3] {TCP} 2001:02d8:ee9c:775c:b700:a912:2938:c8cb:44168 -> 0064:ff9b:0000:0000:0000:0000:df82:c0cd:443
05/17/2023-23:43:04.967666  [**] [1:10003:1] HTTPS naver.com access [**] [Classification: (null)] [Priority: 3] {TCP} 2001:02d8:ee9c:775c:b700:a912:2938:c8cb:59510 -> 0064:ff9b:0000:0000:0000:0000:d259:a830:443
05/17/2023-23:43:05.030179  [**] [1:10003:1] HTTPS naver.com access [**] [Classification: (null)] [Priority: 3] {TCP} 2001:02d8:ee9c:775c:b700:a912:2938:c8cb:59498 -> 0064:ff9b:0000:0000:0000:0000:d259:a830:443
05/17/2023-23:43:05.031207  [**] [1:10003:1] HTTPS naver.com access [**] [Classification: (null)] [Priority: 3] {TCP} 2001:02d8:ee9c:775c:b700:a912:2938:c8cb:59484 -> 0064:ff9b:0000:0000:0000:0000:d259:a830:443
05/17/2023-23:43:05.228862  [**] [1:10003:1] HTTPS naver.com access [**] [Classification: (null)] [Priority: 3] {TCP} 2001:02d8:ee9c:775c:b700:a912:2938:c8cb:59520 -> 0064:ff9b:0000:0000:0000:0000:d259:a830:443
05/17/2023-23:43:05.238309  [**] [1:10003:1] HTTPS naver.com access [**] [Classification: (null)] [Priority: 3] {TCP} 2001:02d8:ee9c:775c:b700:a912:2938:c8cb:59534 -> 0064:ff9b:0000:0000:0000:0000:d259:a830:443
05/17/2023-23:43:05.424151  [**] [1:10003:1] HTTPS naver.com access [**] [Classification: (null)] [Priority: 3] {TCP} 2001:02d8:ee9c:775c:b700:a912:2938:c8cb:44184 -> 0064:ff9b:0000:0000:0000:0000:df82:c0cd:443
05/17/2023-23:43:05.611318  [**] [1:10003:1] HTTPS naver.com access [**] [Classification: (null)] [Priority: 3] {TCP} 2001:02d8:ee9c:775c:b700:a912:2938:c8cb:41174 -> 0064:ff9b:0000:0000:0000:0000:d259:a84f:443
05/17/2023-23:43:05.621193  [**] [1:10003:1] HTTPS naver.com access [**] [Classification: (null)] [Priority: 3] {TCP} 2001:02d8:ee9c:775c:b700:a912:2938:c8cb:41184 -> 0064:ff9b:0000:0000:0000:0000:d259:a84f:443
05/17/2023-23:43:05.784131  [**] [1:10003:1] HTTPS naver.com access [**] [Classification: (null)] [Priority: 3] {TCP} 2001:02d8:ee9c:775c:b700:a912:2938:c8cb:44198 -> 0064:ff9b:0000:0000:0000:0000:df82:c0cd:443
05/17/2023-23:43:14.805633  [**] [1:10002:1] HTTP gilgil.net access [**] [Classification: (null)] [Priority: 3] {TCP} 2001:02d8:ee9c:775c:b700:a912:2938:c8cb:55116 -> 0064:ff9b:0000:0000:0000:0000:af74:6193:80
05/17/2023-23:43:14.979830  [**] [1:10002:1] HTTP gilgil.net access [**] [Classification: (null)] [Priority: 3] {TCP} 2001:02d8:ee9c:775c:b700:a912:2938:c8cb:55158 -> 0064:ff9b:0000:0000:0000:0000:af74:6193:80
05/17/2023-23:43:15.047226  [**] [1:10002:1] HTTP gilgil.net access [**] [Classification: (null)] [Priority: 3] {TCP} 2001:02d8:ee9c:775c:b700:a912:2938:c8cb:55152 -> 0064:ff9b:0000:0000:0000:0000:af74:6193:80
05/17/2023-23:43:16.722184  [**] [1:10009:1] HTTPS instagram access [**] [Classification: (null)] [Priority: 3] {TCP} 2001:02d8:ee9c:775c:b700:a912:2938:c8cb:51118 -> 0064:ff9b:0000:0000:0000:0000:1f0d:4cae:443
05/17/2023-23:43:24.514462  [**] [1:10001:1] HTTP test.gilgil.net access [**] [Classification: (null)] [Priority: 3] {TCP} 2001:02d8:ee9c:775c:b700:a912:2938:c8cb:60686 -> 0064:ff9b:0000:0000:0000:0000:af74:6193:80
05/17/2023-23:43:24.514462  [**] [1:10002:1] HTTP gilgil.net access [**] [Classification: (null)] [Priority: 3] {TCP} 2001:02d8:ee9c:775c:b700:a912:2938:c8cb:60686 -> 0064:ff9b:0000:0000:0000:0000:af74:6193:80
05/17/2023-23:43:24.576372  [**] [1:10001:1] HTTP test.gilgil.net access [**] [Classification: (null)] [Priority: 3] {TCP} 2001:02d8:ee9c:775c:b700:a912:2938:c8cb:58824 -> 0064:ff9b:0000:0000:0000:0000:af74:6193:80
05/17/2023-23:43:24.576372  [**] [1:10002:1] HTTP gilgil.net access [**] [Classification: (null)] [Priority: 3] {TCP} 2001:02d8:ee9c:775c:b700:a912:2938:c8cb:58824 -> 0064:ff9b:0000:0000:0000:0000:af74:6193:80
